<?xml version="1.0" encoding="UTF-8" ?>
<testsuite tests="1" failures="0" name="org.redisses.jdking.client.JDKingRedisPoolTest" time="2.985" errors="1" skipped="0">
  <properties>
    <property name="java.runtime.name" value="Java(TM) SE Runtime Environment"/>
    <property name="sun.boot.library.path" value="C:\softwareEnviroment\jdk\jdk1.8.0_121\jre\bin"/>
    <property name="java.vm.version" value="25.121-b13"/>
    <property name="java.vm.vendor" value="Oracle Corporation"/>
    <property name="maven.multiModuleProjectDirectory" value="C:\Users\mingshengwang\redisses"/>
    <property name="java.vendor.url" value="http://java.oracle.com/"/>
    <property name="path.separator" value=";"/>
    <property name="guice.disable.misplaced.annotation.check" value="true"/>
    <property name="java.vm.name" value="Java HotSpot(TM) 64-Bit Server VM"/>
    <property name="file.encoding.pkg" value="sun.io"/>
    <property name="user.script" value=""/>
    <property name="user.country" value="CN"/>
    <property name="sun.java.launcher" value="SUN_STANDARD"/>
    <property name="sun.os.patch.level" value=""/>
    <property name="java.vm.specification.name" value="Java Virtual Machine Specification"/>
    <property name="user.dir" value="C:\Users\mingshengwang\redisses"/>
    <property name="java.runtime.version" value="1.8.0_121-b13"/>
    <property name="java.awt.graphicsenv" value="sun.awt.Win32GraphicsEnvironment"/>
    <property name="java.endorsed.dirs" value="C:\softwareEnviroment\jdk\jdk1.8.0_121\jre\lib\endorsed"/>
    <property name="os.arch" value="amd64"/>
    <property name="java.io.tmpdir" value="C:\Users\MINGSH~1\AppData\Local\Temp\"/>
    <property name="line.separator" value="
"/>
    <property name="java.vm.specification.vendor" value="Oracle Corporation"/>
    <property name="user.variant" value=""/>
    <property name="os.name" value="Windows 10"/>
    <property name="classworlds.conf" value="D:\tool\eclipse\workspace\.metadata\.plugins\org.eclipse.m2e.launching\launches\m2conf4966934536528189326.tmp"/>
    <property name="sun.jnu.encoding" value="GBK"/>
    <property name="rcsCfg_dir" value="D:\\tool\eclipse\workspace\wallet-junior\src\main\resources\rcsCfg-test.properties"/>
    <property name="java.library.path" value="C:\softwareEnviroment\jdk\jdk1.8.0_121\bin;C:\WINDOWS\Sun\Java\bin;C:\WINDOWS\system32;C:\WINDOWS;C:/softwareEnviroment/jdk/jdk1.8.0_121/bin/../jre/bin/server;C:/softwareEnviroment/jdk/jdk1.8.0_121/bin/../jre/bin;C:/softwareEnviroment/jdk/jdk1.8.0_121/bin/../jre/lib/amd64;C:\WINDOWS\system32;C:\WINDOWS;C:\WINDOWS\System32\Wbem;C:\WINDOWS\System32\WindowsPowerShell\v1.0\;D:\workSoftware\svn\bin;C:\softwareEnviroment\jdk\jdk1.8.0_121\bin;D:\workSoftware\redis-2.6;C:\Program Files\Git\cmd;D:\workSoftware\nodejs\;C:\Users\mingshengwang\AppData\Local\Microsoft\WindowsApps;C:\Users\mingshengwang\AppData\Local\GitHubDesktop\bin;C:\ProgramData\mingshengwang\GitHubDesktop\bin;C:\Program Files (x86)\SSH Communications Security\SSH Secure Shell;D:\workSoftware\ssh;D:\workSoftware\nodejs\node_global;;C:\Users\MINGSH~1\Desktop;;."/>
    <property name="log.path.prefix" value="D:\data"/>
    <property name="java.specification.name" value="Java Platform API Specification"/>
    <property name="java.class.version" value="52.0"/>
    <property name="sun.management.compiler" value="HotSpot 64-Bit Tiered Compilers"/>
    <property name="os.version" value="10.0"/>
    <property name="user.home" value="C:\Users\mingshengwang"/>
    <property name="user.timezone" value="Asia/Shanghai"/>
    <property name="java.awt.printerjob" value="sun.awt.windows.WPrinterJob"/>
    <property name="java.specification.version" value="1.8"/>
    <property name="file.encoding" value="GBK"/>
    <property name="user.name" value="mingshengwang"/>
    <property name="java.class.path" value="D:\workSoftware\eclipse\plugins\org.eclipse.m2e.maven.runtime_1.10.0.20181127-2120\jars\plexus-classworlds-2.5.2.jar"/>
    <property name="java.vm.specification.version" value="1.8"/>
    <property name="sun.arch.data.model" value="64"/>
    <property name="java.home" value="C:\softwareEnviroment\jdk\jdk1.8.0_121\jre"/>
    <property name="sun.java.command" value="org.codehaus.plexus.classworlds.launcher.Launcher -B -gs D:\本地项目代码库\Maven\settings.xml install"/>
    <property name="java.specification.vendor" value="Oracle Corporation"/>
    <property name="user.language" value="zh"/>
    <property name="awt.toolkit" value="sun.awt.windows.WToolkit"/>
    <property name="java.vm.info" value="mixed mode"/>
    <property name="java.version" value="1.8.0_121"/>
    <property name="java.ext.dirs" value="C:\softwareEnviroment\jdk\jdk1.8.0_121\jre\lib\ext;C:\WINDOWS\Sun\Java\lib\ext"/>
    <property name="sun.boot.class.path" value="C:\softwareEnviroment\jdk\jdk1.8.0_121\jre\lib\resources.jar;C:\softwareEnviroment\jdk\jdk1.8.0_121\jre\lib\rt.jar;C:\softwareEnviroment\jdk\jdk1.8.0_121\jre\lib\sunrsasign.jar;C:\softwareEnviroment\jdk\jdk1.8.0_121\jre\lib\jsse.jar;C:\softwareEnviroment\jdk\jdk1.8.0_121\jre\lib\jce.jar;C:\softwareEnviroment\jdk\jdk1.8.0_121\jre\lib\charsets.jar;C:\softwareEnviroment\jdk\jdk1.8.0_121\jre\lib\jfr.jar;C:\softwareEnviroment\jdk\jdk1.8.0_121\jre\classes"/>
    <property name="java.vendor" value="Oracle Corporation"/>
    <property name="maven.home" value="C:\Users\mingshengwang\redisses\EMBEDDED"/>
    <property name="file.separator" value="\"/>
    <property name="java.vendor.url.bug" value="http://bugreport.sun.com/bugreport/"/>
    <property name="sun.cpu.endian" value="little"/>
    <property name="sun.io.unicode.encoding" value="UnicodeLittle"/>
    <property name="sun.desktop" value="windows"/>
    <property name="sun.cpu.isalist" value="amd64"/>
  </properties>
  <testcase classname="org.redisses.jdking.client.JDKingRedisPoolTest" name="testApp" time="2.985">
    <error message="Could not get a resource from the pool" type="redis.clients.jedis.exceptions.JedisConnectionException">redis.clients.jedis.exceptions.JedisConnectionException: Could not get a resource from the pool
	at redis.clients.util.Pool.getResource(Pool.java:50)
	at redis.clients.jedis.JedisPool.getResource(JedisPool.java:86)
	at org.redisses.jdking.client.JDKingRedisPool.getJedis(JDKingRedisPool.java:66)
	at org.redisses.jdking.client.JDKingRedisPoolTest.testApp(JDKingRedisPoolTest.java:46)
Caused by: redis.clients.jedis.exceptions.JedisConnectionException: java.net.SocketTimeoutException: connect timed out
	at redis.clients.jedis.Connection.connect(Connection.java:155)
	at redis.clients.jedis.BinaryClient.connect(BinaryClient.java:83)
	at redis.clients.jedis.BinaryJedis.connect(BinaryJedis.java:1643)
	at redis.clients.jedis.JedisFactory.makeObject(JedisFactory.java:85)
	at org.apache.commons.pool2.impl.GenericObjectPool.create(GenericObjectPool.java:861)
	at org.apache.commons.pool2.impl.GenericObjectPool.borrowObject(GenericObjectPool.java:458)
	at org.apache.commons.pool2.impl.GenericObjectPool.borrowObject(GenericObjectPool.java:363)
	at redis.clients.util.Pool.getResource(Pool.java:48)
	... 31 more
Caused by: java.net.SocketTimeoutException: connect timed out
	at java.net.DualStackPlainSocketImpl.waitForConnect(Native Method)
	at java.net.DualStackPlainSocketImpl.socketConnect(DualStackPlainSocketImpl.java:85)
	at java.net.AbstractPlainSocketImpl.doConnect(AbstractPlainSocketImpl.java:350)
	at java.net.AbstractPlainSocketImpl.connectToAddress(AbstractPlainSocketImpl.java:206)
	at java.net.AbstractPlainSocketImpl.connect(AbstractPlainSocketImpl.java:188)
	at java.net.PlainSocketImpl.connect(PlainSocketImpl.java:172)
	at java.net.SocksSocketImpl.connect(SocksSocketImpl.java:392)
	at java.net.Socket.connect(Socket.java:589)
	at redis.clients.jedis.Connection.connect(Connection.java:149)
	... 38 more
</error>
  </testcase>
</testsuite>